 
****************************************
Report : area
Design : multi_adder
Version: W-2024.09
Date   : Sun Apr  5 03:28:37 2026
****************************************

Library(s) Used:

    saed32rvt_ss0p7vn40c (File: /home/kamyaa/Downloads/Workshop/ref/lib/stdcell_rvt/saed32rvt_ss0p7vn40c.db)

Number of ports:                           14
Number of nets:                            69
Number of cells:                           57
Number of combinational cells:             45
Number of sequential cells:                12
Number of macros/black boxes:               0
Number of buf/inv:                         11
Number of references:                      22

Combinational area:                103.690753
Buf/Inv area:                       14.994496
Noncombinational area:              85.392385
Macro/Black Box area:                0.000000
Net Interconnect area:              17.602847

Total cell area:                   189.083138
Total area:                        206.685985

Hierarchical area distribution
------------------------------

                                  Global cell area          Local cell area
                                  ------------------  --------------------------- 
Hierarchical cell                 Absolute   Percent  Combi-    Noncombi-  Black-
                                  Total      Total    national  national   boxes   Design
--------------------------------  ---------  -------  --------  ---------  ------  ---------
multi_adder                        189.0831    100.0  103.6908    85.3924  0.0000  multi_adder
--------------------------------  ---------  -------  --------  ---------  ------  ---------
Total                                                 103.6908    85.3924  0.0000

1
