 
****************************************
Report : qor
Design : multi_adder
Version: W-2024.09
Date   : Sun Apr  5 03:28:37 2026
****************************************


  Timing Path Group 'clk'
  -----------------------------------
  Levels of Logic:              12.00
  Critical Path Length:          6.04
  Critical Path Slack:           1.14
  Critical Path Clk Period:     10.00
  Total Negative Slack:          0.00
  No. of Violating Paths:        0.00
  Worst Hold Violation:          0.00
  Total Hold Violation:          0.00
  No. of Hold Violations:        0.00
  -----------------------------------


  Cell Count
  -----------------------------------
  Hierarchical Cell Count:          0
  Hierarchical Port Count:          0
  Leaf Cell Count:                 57
  Buf/Inv Cell Count:              11
  Buf Cell Count:                   1
  Inv Cell Count:                  10
  CT Buf/Inv Cell Count:            0
  Combinational Cell Count:        45
  Sequential Cell Count:           12
  Macro Count:                      0
  -----------------------------------


  Area
  -----------------------------------
  Combinational Area:      103.690753
  Noncombinational Area:    85.392385
  Buf/Inv Area:             14.994496
  Total Buffer Area:             2.03
  Total Inverter Area:          12.96
  Macro/Black Box Area:      0.000000
  Net Area:                 17.602847
  -----------------------------------
  Cell Area:               189.083138
  Design Area:             206.685985


  Design Rules
  -----------------------------------
  Total Number of Nets:            69
  Nets With Violations:             3
  Max Trans Violations:             3
  Max Cap Violations:               0
  -----------------------------------


  Hostname: ict-chipin.sot.pdpu.ac.in

  Compile CPU Statistics
  -----------------------------------------
  Resource Sharing:                    0.01
  Logic Optimization:                  0.06
  Mapping Optimization:                0.23
  -----------------------------------------
  Overall Compile Time:                2.95
  Overall Compile Wall Clock Time:     3.32

  --------------------------------------------------------------------

  Design  WNS: 0.00  TNS: 0.00  Number of Violating Paths: 0


  Design (Hold)  WNS: 0.00  TNS: 0.00  Number of Violating Paths: 0

  --------------------------------------------------------------------


1
