 
****************************************
Report : timing
        -path full
        -delay min
        -max_paths 10
Design : multi_adder
Version: W-2024.09
Date   : Sun Apr  5 03:28:37 2026
****************************************

Operating Conditions: ss0p7vn40c   Library: saed32rvt_ss0p7vn40c
Wire Load Model Mode: enclosed

  Startpoint: sum_reg[7] (rising edge-triggered flip-flop clocked by clk)
  Endpoint: sum_reg[7] (rising edge-triggered flip-flop clocked by clk)
  Path Group: clk
  Path Type: min

  Des/Clust/Port     Wire Load Model       Library
  ------------------------------------------------
  multi_adder        ForQA                 saed32rvt_ss0p7vn40c

  Point                                    Incr       Path
  -----------------------------------------------------------
  clock clk (rise edge)                    0.00       0.00
  clock network delay (ideal)              0.00       0.00
  sum_reg[7]/CLK (DFFARX1_RVT)             0.00       0.00 r
  sum_reg[7]/QN (DFFARX1_RVT)              0.49       0.49 r
  U61/Y (XNOR2X1_RVT)                      0.38       0.87 r
  sum_reg[7]/D (DFFARX1_RVT)               0.00       0.87 r
  data arrival time                                   0.87

  clock clk (rise edge)                    0.00       0.00
  clock network delay (ideal)              0.00       0.00
  clock uncertainty                        0.20       0.20
  sum_reg[7]/CLK (DFFARX1_RVT)             0.00       0.20 r
  library hold time                       -0.08       0.12
  data required time                                  0.12
  -----------------------------------------------------------
  data required time                                  0.12
  data arrival time                                  -0.87
  -----------------------------------------------------------
  slack (MET)                                         0.75


  Startpoint: i_reg[3] (rising edge-triggered flip-flop clocked by clk)
  Endpoint: i_reg[3] (rising edge-triggered flip-flop clocked by clk)
  Path Group: clk
  Path Type: min

  Des/Clust/Port     Wire Load Model       Library
  ------------------------------------------------
  multi_adder        ForQA                 saed32rvt_ss0p7vn40c

  Point                                    Incr       Path
  -----------------------------------------------------------
  clock clk (rise edge)                    0.00       0.00
  clock network delay (ideal)              0.00       0.00
  i_reg[3]/CLK (DFFARX1_RVT)               0.00       0.00 r
  i_reg[3]/QN (DFFARX1_RVT)                0.57       0.57 r
  U86/SO (HADDX1_RVT)                      0.32       0.89 r
  i_reg[3]/D (DFFARX1_RVT)                 0.00       0.89 r
  data arrival time                                   0.89

  clock clk (rise edge)                    0.00       0.00
  clock network delay (ideal)              0.00       0.00
  clock uncertainty                        0.20       0.20
  i_reg[3]/CLK (DFFARX1_RVT)               0.00       0.20 r
  library hold time                       -0.06       0.14
  data required time                                  0.14
  -----------------------------------------------------------
  data required time                                  0.14
  data arrival time                                  -0.89
  -----------------------------------------------------------
  slack (MET)                                         0.75


  Startpoint: i_reg[1] (rising edge-triggered flip-flop clocked by clk)
  Endpoint: i_reg[1] (rising edge-triggered flip-flop clocked by clk)
  Path Group: clk
  Path Type: min

  Des/Clust/Port     Wire Load Model       Library
  ------------------------------------------------
  multi_adder        ForQA                 saed32rvt_ss0p7vn40c

  Point                                    Incr       Path
  -----------------------------------------------------------
  clock clk (rise edge)                    0.00       0.00
  clock network delay (ideal)              0.00       0.00
  i_reg[1]/CLK (DFFARX1_RVT)               0.00       0.00 r
  i_reg[1]/QN (DFFARX1_RVT)                0.58       0.58 r
  U82/Y (AO22X1_RVT)                       0.35       0.93 r
  i_reg[1]/D (DFFARX1_RVT)                 0.00       0.93 r
  data arrival time                                   0.93

  clock clk (rise edge)                    0.00       0.00
  clock network delay (ideal)              0.00       0.00
  clock uncertainty                        0.20       0.20
  i_reg[1]/CLK (DFFARX1_RVT)               0.00       0.20 r
  library hold time                       -0.06       0.14
  data required time                                  0.14
  -----------------------------------------------------------
  data required time                                  0.14
  data arrival time                                  -0.93
  -----------------------------------------------------------
  slack (MET)                                         0.79


  Startpoint: sum_reg[3] (rising edge-triggered flip-flop clocked by clk)
  Endpoint: sum_reg[3] (rising edge-triggered flip-flop clocked by clk)
  Path Group: clk
  Path Type: min

  Des/Clust/Port     Wire Load Model       Library
  ------------------------------------------------
  multi_adder        ForQA                 saed32rvt_ss0p7vn40c

  Point                                    Incr       Path
  -----------------------------------------------------------
  clock clk (rise edge)                    0.00       0.00
  clock network delay (ideal)              0.00       0.00
  sum_reg[3]/CLK (DFFARX1_RVT)             0.00       0.00 r
  sum_reg[3]/Q (DFFARX1_RVT)               0.71       0.71 f
  U91/SO (HADDX1_RVT)                      0.25       0.96 r
  sum_reg[3]/D (DFFARX1_RVT)               0.00       0.96 r
  data arrival time                                   0.96

  clock clk (rise edge)                    0.00       0.00
  clock network delay (ideal)              0.00       0.00
  clock uncertainty                        0.20       0.20
  sum_reg[3]/CLK (DFFARX1_RVT)             0.00       0.20 r
  library hold time                       -0.06       0.14
  data required time                                  0.14
  -----------------------------------------------------------
  data required time                                  0.14
  data arrival time                                  -0.96
  -----------------------------------------------------------
  slack (MET)                                         0.82


  Startpoint: sum_reg[2] (rising edge-triggered flip-flop clocked by clk)
  Endpoint: sum_reg[2] (rising edge-triggered flip-flop clocked by clk)
  Path Group: clk
  Path Type: min

  Des/Clust/Port     Wire Load Model       Library
  ------------------------------------------------
  multi_adder        ForQA                 saed32rvt_ss0p7vn40c

  Point                                    Incr       Path
  -----------------------------------------------------------
  clock clk (rise edge)                    0.00       0.00
  clock network delay (ideal)              0.00       0.00
  sum_reg[2]/CLK (DFFARX1_RVT)             0.00       0.00 r
  sum_reg[2]/Q (DFFARX1_RVT)               0.72       0.72 f
  U89/SO (HADDX1_RVT)                      0.26       0.97 r
  sum_reg[2]/D (DFFARX1_RVT)               0.00       0.97 r
  data arrival time                                   0.97

  clock clk (rise edge)                    0.00       0.00
  clock network delay (ideal)              0.00       0.00
  clock uncertainty                        0.20       0.20
  sum_reg[2]/CLK (DFFARX1_RVT)             0.00       0.20 r
  library hold time                       -0.06       0.14
  data required time                                  0.14
  -----------------------------------------------------------
  data required time                                  0.14
  data arrival time                                  -0.97
  -----------------------------------------------------------
  slack (MET)                                         0.83


  Startpoint: sum_reg[5] (rising edge-triggered flip-flop clocked by clk)
  Endpoint: sum_reg[5] (rising edge-triggered flip-flop clocked by clk)
  Path Group: clk
  Path Type: min

  Des/Clust/Port     Wire Load Model       Library
  ------------------------------------------------
  multi_adder        ForQA                 saed32rvt_ss0p7vn40c

  Point                                    Incr       Path
  -----------------------------------------------------------
  clock clk (rise edge)                    0.00       0.00
  clock network delay (ideal)              0.00       0.00
  sum_reg[5]/CLK (DFFARX1_RVT)             0.00       0.00 r
  sum_reg[5]/Q (DFFARX1_RVT)               0.69       0.69 f
  U93/Y (OA21X1_RVT)                       0.45       1.15 f
  sum_reg[5]/D (DFFARX1_RVT)               0.00       1.15 f
  data arrival time                                   1.15

  clock clk (rise edge)                    0.00       0.00
  clock network delay (ideal)              0.00       0.00
  clock uncertainty                        0.20       0.20
  sum_reg[5]/CLK (DFFARX1_RVT)             0.00       0.20 r
  library hold time                       -0.09       0.11
  data required time                                  0.11
  -----------------------------------------------------------
  data required time                                  0.11
  data arrival time                                  -1.15
  -----------------------------------------------------------
  slack (MET)                                         1.03


  Startpoint: sum_reg[4] (rising edge-triggered flip-flop clocked by clk)
  Endpoint: sum_reg[4] (rising edge-triggered flip-flop clocked by clk)
  Path Group: clk
  Path Type: min

  Des/Clust/Port     Wire Load Model       Library
  ------------------------------------------------
  multi_adder        ForQA                 saed32rvt_ss0p7vn40c

  Point                                    Incr       Path
  -----------------------------------------------------------
  clock clk (rise edge)                    0.00       0.00
  clock network delay (ideal)              0.00       0.00
  sum_reg[4]/CLK (DFFARX1_RVT)             0.00       0.00 r
  sum_reg[4]/Q (DFFARX1_RVT)               0.69       0.69 f
  U92/Y (OA21X1_RVT)                       0.45       1.15 f
  sum_reg[4]/D (DFFARX1_RVT)               0.00       1.15 f
  data arrival time                                   1.15

  clock clk (rise edge)                    0.00       0.00
  clock network delay (ideal)              0.00       0.00
  clock uncertainty                        0.20       0.20
  sum_reg[4]/CLK (DFFARX1_RVT)             0.00       0.20 r
  library hold time                       -0.09       0.11
  data required time                                  0.11
  -----------------------------------------------------------
  data required time                                  0.11
  data arrival time                                  -1.15
  -----------------------------------------------------------
  slack (MET)                                         1.03


  Startpoint: sum_reg[6] (rising edge-triggered flip-flop clocked by clk)
  Endpoint: sum_reg[6] (rising edge-triggered flip-flop clocked by clk)
  Path Group: clk
  Path Type: min

  Des/Clust/Port     Wire Load Model       Library
  ------------------------------------------------
  multi_adder        ForQA                 saed32rvt_ss0p7vn40c

  Point                                    Incr       Path
  -----------------------------------------------------------
  clock clk (rise edge)                    0.00       0.00
  clock network delay (ideal)              0.00       0.00
  sum_reg[6]/CLK (DFFARX1_RVT)             0.00       0.00 r
  sum_reg[6]/Q (DFFARX1_RVT)               0.70       0.70 f
  U94/Y (OA21X1_RVT)                       0.45       1.15 f
  sum_reg[6]/D (DFFARX1_RVT)               0.00       1.15 f
  data arrival time                                   1.15

  clock clk (rise edge)                    0.00       0.00
  clock network delay (ideal)              0.00       0.00
  clock uncertainty                        0.20       0.20
  sum_reg[6]/CLK (DFFARX1_RVT)             0.00       0.20 r
  library hold time                       -0.09       0.11
  data required time                                  0.11
  -----------------------------------------------------------
  data required time                                  0.11
  data arrival time                                  -1.15
  -----------------------------------------------------------
  slack (MET)                                         1.03


  Startpoint: sum_reg[1] (rising edge-triggered flip-flop clocked by clk)
  Endpoint: sum_reg[1] (rising edge-triggered flip-flop clocked by clk)
  Path Group: clk
  Path Type: min

  Des/Clust/Port     Wire Load Model       Library
  ------------------------------------------------
  multi_adder        ForQA                 saed32rvt_ss0p7vn40c

  Point                                    Incr       Path
  -----------------------------------------------------------
  clock clk (rise edge)                    0.00       0.00
  clock network delay (ideal)              0.00       0.00
  sum_reg[1]/CLK (DFFARX1_RVT)             0.00       0.00 r
  sum_reg[1]/Q (DFFARX1_RVT)               0.70       0.70 f
  U79/Y (AO21X1_RVT)                       0.51       1.20 f
  sum_reg[1]/D (DFFARX1_RVT)               0.00       1.20 f
  data arrival time                                   1.20

  clock clk (rise edge)                    0.00       0.00
  clock network delay (ideal)              0.00       0.00
  clock uncertainty                        0.20       0.20
  sum_reg[1]/CLK (DFFARX1_RVT)             0.00       0.20 r
  library hold time                       -0.07       0.13
  data required time                                  0.13
  -----------------------------------------------------------
  data required time                                  0.13
  data arrival time                                  -1.20
  -----------------------------------------------------------
  slack (MET)                                         1.08


  Startpoint: sum_reg[0] (rising edge-triggered flip-flop clocked by clk)
  Endpoint: sum_reg[0] (rising edge-triggered flip-flop clocked by clk)
  Path Group: clk
  Path Type: min

  Des/Clust/Port     Wire Load Model       Library
  ------------------------------------------------
  multi_adder        ForQA                 saed32rvt_ss0p7vn40c

  Point                                    Incr       Path
  -----------------------------------------------------------
  clock clk (rise edge)                    0.00       0.00
  clock network delay (ideal)              0.00       0.00
  sum_reg[0]/CLK (DFFARX1_RVT)             0.00       0.00 r
  sum_reg[0]/Q (DFFARX1_RVT)               0.71       0.71 f
  U76/Y (NAND3X0_RVT)                      0.23       0.93 r
  U87/Y (OA21X1_RVT)                       0.30       1.23 r
  sum_reg[0]/D (DFFARX1_RVT)               0.00       1.23 r
  data arrival time                                   1.23

  clock clk (rise edge)                    0.00       0.00
  clock network delay (ideal)              0.00       0.00
  clock uncertainty                        0.20       0.20
  sum_reg[0]/CLK (DFFARX1_RVT)             0.00       0.20 r
  library hold time                       -0.06       0.14
  data required time                                  0.14
  -----------------------------------------------------------
  data required time                                  0.14
  data arrival time                                  -1.23
  -----------------------------------------------------------
  slack (MET)                                         1.09


1
