Information: Updating design information... (UID-85)
 
****************************************
Report : timing
        -path full
        -delay max
        -max_paths 10
Design : multi_adder
Version: W-2024.09
Date   : Sun Apr  5 03:28:37 2026
****************************************

Operating Conditions: ss0p7vn40c   Library: saed32rvt_ss0p7vn40c
Wire Load Model Mode: enclosed

  Startpoint: n[0] (input port clocked by clk)
  Endpoint: sum_reg[7] (rising edge-triggered flip-flop clocked by clk)
  Path Group: clk
  Path Type: max

  Des/Clust/Port     Wire Load Model       Library
  ------------------------------------------------
  multi_adder        ForQA                 saed32rvt_ss0p7vn40c

  Point                                    Incr       Path
  -----------------------------------------------------------
  clock clk (rise edge)                    0.00       0.00
  clock network delay (ideal)              0.00       0.00
  input external delay                     2.00       2.00 f
  n[0] (in)                                0.73       2.73 f
  U56/Y (INVX0_RVT)                        0.54       3.26 r
  U68/Y (NAND2X0_RVT)                      0.26       3.52 f
  U58/Y (AOI222X1_RVT)                     0.85       4.37 r
  U59/Y (OAI222X1_RVT)                     0.52       4.90 f
  U60/Y (AO222X1_RVT)                      0.75       5.64 f
  U69/Y (OA21X1_RVT)                       0.46       6.10 f
  U70/Y (NAND2X0_RVT)                      0.31       6.42 r
  U71/Y (INVX1_RVT)                        0.19       6.61 f
  U72/Y (NAND2X0_RVT)                      0.32       6.93 r
  U73/Y (INVX1_RVT)                        0.19       7.12 f
  U74/Y (AND2X1_RVT)                       0.34       7.46 f
  U61/Y (XNOR2X1_RVT)                      0.57       8.04 f
  sum_reg[7]/D (DFFARX1_RVT)               0.00       8.04 f
  data arrival time                                   8.04

  clock clk (rise edge)                   10.00      10.00
  clock network delay (ideal)              0.00      10.00
  clock uncertainty                       -0.20       9.80
  sum_reg[7]/CLK (DFFARX1_RVT)             0.00       9.80 r
  library setup time                      -0.62       9.18
  data required time                                  9.18
  -----------------------------------------------------------
  data required time                                  9.18
  data arrival time                                  -8.04
  -----------------------------------------------------------
  slack (MET)                                         1.14


  Startpoint: n[0] (input port clocked by clk)
  Endpoint: sum_reg[6] (rising edge-triggered flip-flop clocked by clk)
  Path Group: clk
  Path Type: max

  Des/Clust/Port     Wire Load Model       Library
  ------------------------------------------------
  multi_adder        ForQA                 saed32rvt_ss0p7vn40c

  Point                                    Incr       Path
  -----------------------------------------------------------
  clock clk (rise edge)                    0.00       0.00
  clock network delay (ideal)              0.00       0.00
  input external delay                     2.00       2.00 f
  n[0] (in)                                0.73       2.73 f
  U56/Y (INVX0_RVT)                        0.54       3.26 r
  U68/Y (NAND2X0_RVT)                      0.26       3.52 f
  U58/Y (AOI222X1_RVT)                     0.85       4.37 r
  U59/Y (OAI222X1_RVT)                     0.52       4.90 f
  U60/Y (AO222X1_RVT)                      0.75       5.64 f
  U69/Y (OA21X1_RVT)                       0.46       6.10 f
  U70/Y (NAND2X0_RVT)                      0.31       6.42 r
  U71/Y (INVX1_RVT)                        0.19       6.61 f
  U72/Y (NAND2X0_RVT)                      0.32       6.93 r
  U73/Y (INVX1_RVT)                        0.19       7.12 f
  U94/Y (OA21X1_RVT)                       0.54       7.67 f
  sum_reg[6]/D (DFFARX1_RVT)               0.00       7.67 f
  data arrival time                                   7.67

  clock clk (rise edge)                   10.00      10.00
  clock network delay (ideal)              0.00      10.00
  clock uncertainty                       -0.20       9.80
  sum_reg[6]/CLK (DFFARX1_RVT)             0.00       9.80 r
  library setup time                      -0.59       9.21
  data required time                                  9.21
  -----------------------------------------------------------
  data required time                                  9.21
  data arrival time                                  -7.67
  -----------------------------------------------------------
  slack (MET)                                         1.54


  Startpoint: n[0] (input port clocked by clk)
  Endpoint: sum_reg[5] (rising edge-triggered flip-flop clocked by clk)
  Path Group: clk
  Path Type: max

  Des/Clust/Port     Wire Load Model       Library
  ------------------------------------------------
  multi_adder        ForQA                 saed32rvt_ss0p7vn40c

  Point                                    Incr       Path
  -----------------------------------------------------------
  clock clk (rise edge)                    0.00       0.00
  clock network delay (ideal)              0.00       0.00
  input external delay                     2.00       2.00 f
  n[0] (in)                                0.73       2.73 f
  U56/Y (INVX0_RVT)                        0.54       3.26 r
  U68/Y (NAND2X0_RVT)                      0.26       3.52 f
  U58/Y (AOI222X1_RVT)                     0.85       4.37 r
  U59/Y (OAI222X1_RVT)                     0.52       4.90 f
  U60/Y (AO222X1_RVT)                      0.75       5.64 f
  U69/Y (OA21X1_RVT)                       0.46       6.10 f
  U70/Y (NAND2X0_RVT)                      0.31       6.42 r
  U71/Y (INVX1_RVT)                        0.19       6.61 f
  U93/Y (OA21X1_RVT)                       0.54       7.15 f
  sum_reg[5]/D (DFFARX1_RVT)               0.00       7.15 f
  data arrival time                                   7.15

  clock clk (rise edge)                   10.00      10.00
  clock network delay (ideal)              0.00      10.00
  clock uncertainty                       -0.20       9.80
  sum_reg[5]/CLK (DFFARX1_RVT)             0.00       9.80 r
  library setup time                      -0.59       9.21
  data required time                                  9.21
  -----------------------------------------------------------
  data required time                                  9.21
  data arrival time                                  -7.15
  -----------------------------------------------------------
  slack (MET)                                         2.05


  Startpoint: n[0] (input port clocked by clk)
  Endpoint: sum_reg[3] (rising edge-triggered flip-flop clocked by clk)
  Path Group: clk
  Path Type: max

  Des/Clust/Port     Wire Load Model       Library
  ------------------------------------------------
  multi_adder        ForQA                 saed32rvt_ss0p7vn40c

  Point                                    Incr       Path
  -----------------------------------------------------------
  clock clk (rise edge)                    0.00       0.00
  clock network delay (ideal)              0.00       0.00
  input external delay                     2.00       2.00 f
  n[0] (in)                                0.73       2.73 f
  U56/Y (INVX0_RVT)                        0.54       3.26 r
  U68/Y (NAND2X0_RVT)                      0.26       3.52 f
  U58/Y (AOI222X1_RVT)                     0.85       4.37 r
  U59/Y (OAI222X1_RVT)                     0.52       4.90 f
  U60/Y (AO222X1_RVT)                      0.75       5.64 f
  U90/Y (OA221X1_RVT)                      0.50       6.14 f
  U91/SO (HADDX1_RVT)                      0.69       6.83 f
  sum_reg[3]/D (DFFARX1_RVT)               0.00       6.83 f
  data arrival time                                   6.83

  clock clk (rise edge)                   10.00      10.00
  clock network delay (ideal)              0.00      10.00
  clock uncertainty                       -0.20       9.80
  sum_reg[3]/CLK (DFFARX1_RVT)             0.00       9.80 r
  library setup time                      -0.63       9.17
  data required time                                  9.17
  -----------------------------------------------------------
  data required time                                  9.17
  data arrival time                                  -6.83
  -----------------------------------------------------------
  slack (MET)                                         2.34


  Startpoint: n[0] (input port clocked by clk)
  Endpoint: sum_reg[0] (rising edge-triggered flip-flop clocked by clk)
  Path Group: clk
  Path Type: max

  Des/Clust/Port     Wire Load Model       Library
  ------------------------------------------------
  multi_adder        ForQA                 saed32rvt_ss0p7vn40c

  Point                                    Incr       Path
  -----------------------------------------------------------
  clock clk (rise edge)                    0.00       0.00
  clock network delay (ideal)              0.00       0.00
  input external delay                     2.00       2.00 f
  n[0] (in)                                0.73       2.73 f
  U56/Y (INVX0_RVT)                        0.54       3.26 r
  U68/Y (NAND2X0_RVT)                      0.26       3.52 f
  U58/Y (AOI222X1_RVT)                     0.85       4.37 r
  U59/Y (OAI222X1_RVT)                     0.52       4.90 f
  U60/Y (AO222X1_RVT)                      0.75       5.64 f
  U80/Y (NAND2X0_RVT)                      0.45       6.09 r
  U51/Y (INVX0_RVT)                        0.25       6.34 f
  U87/Y (OA21X1_RVT)                       0.49       6.83 f
  sum_reg[0]/D (DFFARX1_RVT)               0.00       6.83 f
  data arrival time                                   6.83

  clock clk (rise edge)                   10.00      10.00
  clock network delay (ideal)              0.00      10.00
  clock uncertainty                       -0.20       9.80
  sum_reg[0]/CLK (DFFARX1_RVT)             0.00       9.80 r
  library setup time                      -0.59       9.21
  data required time                                  9.21
  -----------------------------------------------------------
  data required time                                  9.21
  data arrival time                                  -6.83
  -----------------------------------------------------------
  slack (MET)                                         2.37


  Startpoint: n[0] (input port clocked by clk)
  Endpoint: i_reg[3] (rising edge-triggered flip-flop clocked by clk)
  Path Group: clk
  Path Type: max

  Des/Clust/Port     Wire Load Model       Library
  ------------------------------------------------
  multi_adder        ForQA                 saed32rvt_ss0p7vn40c

  Point                                    Incr       Path
  -----------------------------------------------------------
  clock clk (rise edge)                    0.00       0.00
  clock network delay (ideal)              0.00       0.00
  input external delay                     2.00       2.00 r
  n[0] (in)                                0.82       2.82 r
  U56/Y (INVX0_RVT)                        0.27       3.09 f
  U68/Y (NAND2X0_RVT)                      0.40       3.49 r
  U58/Y (AOI222X1_RVT)                     0.66       4.16 f
  U59/Y (OAI222X1_RVT)                     0.80       4.96 r
  U60/Y (AO222X1_RVT)                      0.60       5.56 r
  U84/Y (NAND4X0_RVT)                      0.56       6.12 f
  U86/SO (HADDX1_RVT)                      0.64       6.77 f
  i_reg[3]/D (DFFARX1_RVT)                 0.00       6.77 f
  data arrival time                                   6.77

  clock clk (rise edge)                   10.00      10.00
  clock network delay (ideal)              0.00      10.00
  clock uncertainty                       -0.20       9.80
  i_reg[3]/CLK (DFFARX1_RVT)               0.00       9.80 r
  library setup time                      -0.63       9.17
  data required time                                  9.17
  -----------------------------------------------------------
  data required time                                  9.17
  data arrival time                                  -6.77
  -----------------------------------------------------------
  slack (MET)                                         2.41


  Startpoint: n[0] (input port clocked by clk)
  Endpoint: sum_reg[2] (rising edge-triggered flip-flop clocked by clk)
  Path Group: clk
  Path Type: max

  Des/Clust/Port     Wire Load Model       Library
  ------------------------------------------------
  multi_adder        ForQA                 saed32rvt_ss0p7vn40c

  Point                                    Incr       Path
  -----------------------------------------------------------
  clock clk (rise edge)                    0.00       0.00
  clock network delay (ideal)              0.00       0.00
  input external delay                     2.00       2.00 f
  n[0] (in)                                0.73       2.73 f
  U56/Y (INVX0_RVT)                        0.54       3.26 r
  U68/Y (NAND2X0_RVT)                      0.26       3.52 f
  U58/Y (AOI222X1_RVT)                     0.85       4.37 r
  U59/Y (OAI222X1_RVT)                     0.52       4.90 f
  U60/Y (AO222X1_RVT)                      0.75       5.64 f
  U88/Y (OA221X1_RVT)                      0.50       6.14 f
  U89/SO (HADDX1_RVT)                      0.60       6.74 f
  sum_reg[2]/D (DFFARX1_RVT)               0.00       6.74 f
  data arrival time                                   6.74

  clock clk (rise edge)                   10.00      10.00
  clock network delay (ideal)              0.00      10.00
  clock uncertainty                       -0.20       9.80
  sum_reg[2]/CLK (DFFARX1_RVT)             0.00       9.80 r
  library setup time                      -0.63       9.17
  data required time                                  9.17
  -----------------------------------------------------------
  data required time                                  9.17
  data arrival time                                  -6.74
  -----------------------------------------------------------
  slack (MET)                                         2.43


  Startpoint: n[0] (input port clocked by clk)
  Endpoint: i_reg[1] (rising edge-triggered flip-flop clocked by clk)
  Path Group: clk
  Path Type: max

  Des/Clust/Port     Wire Load Model       Library
  ------------------------------------------------
  multi_adder        ForQA                 saed32rvt_ss0p7vn40c

  Point                                    Incr       Path
  -----------------------------------------------------------
  clock clk (rise edge)                    0.00       0.00
  clock network delay (ideal)              0.00       0.00
  input external delay                     2.00       2.00 f
  n[0] (in)                                0.73       2.73 f
  U56/Y (INVX0_RVT)                        0.54       3.26 r
  U68/Y (NAND2X0_RVT)                      0.26       3.52 f
  U58/Y (AOI222X1_RVT)                     0.85       4.37 r
  U59/Y (OAI222X1_RVT)                     0.52       4.90 f
  U60/Y (AO222X1_RVT)                      0.75       5.64 f
  U80/Y (NAND2X0_RVT)                      0.45       6.09 r
  U51/Y (INVX0_RVT)                        0.25       6.34 f
  U82/Y (AO22X1_RVT)                       0.40       6.73 f
  i_reg[1]/D (DFFARX1_RVT)                 0.00       6.73 f
  data arrival time                                   6.73

  clock clk (rise edge)                   10.00      10.00
  clock network delay (ideal)              0.00      10.00
  clock uncertainty                       -0.20       9.80
  i_reg[1]/CLK (DFFARX1_RVT)               0.00       9.80 r
  library setup time                      -0.59       9.21
  data required time                                  9.21
  -----------------------------------------------------------
  data required time                                  9.21
  data arrival time                                  -6.73
  -----------------------------------------------------------
  slack (MET)                                         2.48


  Startpoint: n[0] (input port clocked by clk)
  Endpoint: sum_reg[1] (rising edge-triggered flip-flop clocked by clk)
  Path Group: clk
  Path Type: max

  Des/Clust/Port     Wire Load Model       Library
  ------------------------------------------------
  multi_adder        ForQA                 saed32rvt_ss0p7vn40c

  Point                                    Incr       Path
  -----------------------------------------------------------
  clock clk (rise edge)                    0.00       0.00
  clock network delay (ideal)              0.00       0.00
  input external delay                     2.00       2.00 f
  n[0] (in)                                0.73       2.73 f
  U56/Y (INVX0_RVT)                        0.54       3.26 r
  U68/Y (NAND2X0_RVT)                      0.26       3.52 f
  U58/Y (AOI222X1_RVT)                     0.85       4.37 r
  U59/Y (OAI222X1_RVT)                     0.52       4.90 f
  U60/Y (AO222X1_RVT)                      0.75       5.64 f
  U76/Y (NAND3X0_RVT)                      0.34       5.98 r
  U78/Y (OAI22X1_RVT)                      0.46       6.44 f
  U79/Y (AO21X1_RVT)                       0.26       6.71 f
  sum_reg[1]/D (DFFARX1_RVT)               0.00       6.71 f
  data arrival time                                   6.71

  clock clk (rise edge)                   10.00      10.00
  clock network delay (ideal)              0.00      10.00
  clock uncertainty                       -0.20       9.80
  sum_reg[1]/CLK (DFFARX1_RVT)             0.00       9.80 r
  library setup time                      -0.59       9.21
  data required time                                  9.21
  -----------------------------------------------------------
  data required time                                  9.21
  data arrival time                                  -6.71
  -----------------------------------------------------------
  slack (MET)                                         2.50


  Startpoint: n[0] (input port clocked by clk)
  Endpoint: sum_reg[4] (rising edge-triggered flip-flop clocked by clk)
  Path Group: clk
  Path Type: max

  Des/Clust/Port     Wire Load Model       Library
  ------------------------------------------------
  multi_adder        ForQA                 saed32rvt_ss0p7vn40c

  Point                                    Incr       Path
  -----------------------------------------------------------
  clock clk (rise edge)                    0.00       0.00
  clock network delay (ideal)              0.00       0.00
  input external delay                     2.00       2.00 f
  n[0] (in)                                0.73       2.73 f
  U56/Y (INVX0_RVT)                        0.54       3.26 r
  U68/Y (NAND2X0_RVT)                      0.26       3.52 f
  U58/Y (AOI222X1_RVT)                     0.85       4.37 r
  U59/Y (OAI222X1_RVT)                     0.52       4.90 f
  U60/Y (AO222X1_RVT)                      0.75       5.64 f
  U69/Y (OA21X1_RVT)                       0.46       6.10 f
  U92/Y (OA21X1_RVT)                       0.54       6.64 f
  sum_reg[4]/D (DFFARX1_RVT)               0.00       6.64 f
  data arrival time                                   6.64

  clock clk (rise edge)                   10.00      10.00
  clock network delay (ideal)              0.00      10.00
  clock uncertainty                       -0.20       9.80
  sum_reg[4]/CLK (DFFARX1_RVT)             0.00       9.80 r
  library setup time                      -0.59       9.21
  data required time                                  9.21
  -----------------------------------------------------------
  data required time                                  9.21
  data arrival time                                  -6.64
  -----------------------------------------------------------
  slack (MET)                                         2.56


1
